current directory: /home/runner/DiscordStonkBot/.bundle/ruby/2.7.0/gems/pg-1.3.5/ext
/nix/store/yfmnyvd0asw5bs24lg611xn2gi4prqla-ruby-2.7.4/bin/ruby -I /nix/store/yfmnyvd0asw5bs24lg611xn2gi4prqla-ruby-2.7.4/lib/ruby/2.7.0 -r ./siteconf20220424-12372-1a1j3pt.rb extconf.rb
Calling libpq with GVL unlocked
checking for pg_config... yes
Using config values from /nix/store/43rcwaf0naz90lrpzrkh77jxk190i552-postgresql-13.3/bin/pg_config
Using libpq from /nix/store/mz2bg35r8mk2qhs2jrf87jn2dhasxciw-postgresql-13.3-lib/lib
checking for libpq-fe.h... yes
checking for libpq/libpq-fs.h... yes
checking for pg_config_manual.h... yes
checking for PQconnectdb() in -lpq... yes
checking for PQconninfo() in libpq-fe.h... yes
checking for PQsslAttribute() in libpq-fe.h... yes
checking for PQresultVerboseErrorMessage() in libpq-fe.h... yes
checking for PQencryptPasswordConn() in libpq-fe.h... yes
checking for PQresultMemorySize() in libpq-fe.h... yes
checking for PQenterPipelineMode() in libpq-fe.h... no
checking for timegm()... yes
checking for rb_gc_adjust_memory_usage()... yes
checking for rb_gc_mark_movable()... yes
checking for rb_io_wait()... no
checking for unistd.h... yes
checking for inttypes.h... yes
checking for C99 variable length arrays... yes
creating extconf.h
creating Makefile

current directory: /home/runner/DiscordStonkBot/.bundle/ruby/2.7.0/gems/pg-1.3.5/ext
make DESTDIR\= clean

current directory: /home/runner/DiscordStonkBot/.bundle/ruby/2.7.0/gems/pg-1.3.5/ext
make DESTDIR\=
compiling gvl_wrappers.c
compiling pg.c
compiling pg_binary_decoder.c
compiling pg_binary_encoder.c
compiling pg_coder.c
compiling pg_connection.c
compiling pg_copy_coder.c
compiling pg_errors.c
compiling pg_record_coder.c
compiling pg_result.c
compiling pg_text_decoder.c
compiling pg_text_encoder.c
compiling pg_tuple.c
compiling pg_type_map.c
compiling pg_type_map_all_strings.c
compiling pg_type_map_by_class.c
compiling pg_type_map_by_column.c
compiling pg_type_map_by_mri_type.c
compiling pg_type_map_by_oid.c
compiling pg_type_map_in_ruby.c
compiling pg_util.c
linking shared-object pg_ext.so

current directory: /home/runner/DiscordStonkBot/.bundle/ruby/2.7.0/gems/pg-1.3.5/ext
make DESTDIR\= install
/nix/store/1570w56jrkvr90w9x158vyb5vahnk18v-coreutils-8.32/bin/install -c -m 0755 pg_ext.so ./.gem.20220424-12372-e96yl7
installing pg_ext libraries
